# Logfile created on 2014-03-08 10:32:49 -0800 by logger.rb/44203
I, [2014-03-08T10:32:49.336426 #70946]  INFO -- : 0:  rake (10.1.1) from /Volumes/DATI/Users/Shogun/.rvm/gems/ruby-2.1.0/specifications/rake-10.1.1.gemspec
I, [2014-03-08T10:32:49.337465 #70946]  INFO -- : 0:  i18n (0.6.9) from /Volumes/DATI/Users/Shogun/.rvm/gems/ruby-2.1.0/specifications/i18n-0.6.9.gemspec
I, [2014-03-08T10:32:49.338039 #70946]  INFO -- : 0:  multi_json (1.9.0) from /Volumes/DATI/Users/Shogun/.rvm/gems/ruby-2.1.0/specifications/multi_json-1.9.0.gemspec
I, [2014-03-08T10:32:49.338438 #70946]  INFO -- : 0:  activesupport (3.2.17) from /Volumes/DATI/Users/Shogun/.rvm/gems/ruby-2.1.0/specifications/activesupport-3.2.17.gemspec
I, [2014-03-08T10:32:49.338920 #70946]  INFO -- : 0:  atomic (1.1.15) from /Volumes/DATI/Users/Shogun/.rvm/gems/ruby-2.1.0/specifications/atomic-1.1.15.gemspec
I, [2014-03-08T10:32:49.339397 #70946]  INFO -- : 0:  hashie (2.0.5) from /Volumes/DATI/Users/Shogun/.rvm/gems/ruby-2.1.0/specifications/hashie-2.0.5.gemspec
I, [2014-03-08T10:32:49.339835 #70946]  INFO -- : 0:  json (1.8.1) from /Volumes/DATI/Users/Shogun/.rvm/rubies/ruby-2.1.0/lib/ruby/gems/2.1.0/specifications/default/json-1.8.1.gemspec
I, [2014-03-08T10:32:49.340332 #70946]  INFO -- : 0:  r18n-core (1.1.8) from /Volumes/DATI/Users/Shogun/.rvm/gems/ruby-2.1.0/specifications/r18n-core-1.1.8.gemspec
I, [2014-03-08T10:32:49.340827 #70946]  INFO -- : 0:  r18n-desktop (1.1.8) from /Volumes/DATI/Users/Shogun/.rvm/gems/ruby-2.1.0/specifications/r18n-desktop-1.1.8.gemspec
I, [2014-03-08T10:32:49.341275 #70946]  INFO -- : 0:  thread_safe (0.2.0) from /Volumes/DATI/Users/Shogun/.rvm/gems/ruby-2.1.0/specifications/thread_safe-0.2.0.gemspec
I, [2014-03-08T10:32:49.341694 #70946]  INFO -- : 0:  tzinfo (1.1.0) from /Volumes/DATI/Users/Shogun/.rvm/gems/ruby-2.1.0/specifications/tzinfo-1.1.0.gemspec
I, [2014-03-08T10:32:49.342092 #70946]  INFO -- : 0:  lazier (3.5.1) from /Volumes/DATI/Users/Shogun/.rvm/gems/ruby-2.1.0/specifications/lazier-3.5.1.gemspec
I, [2014-03-08T10:32:49.342500 #70946]  INFO -- : 0:  open4 (1.3.3) from /Volumes/DATI/Users/Shogun/.rvm/gems/ruby-2.1.0/specifications/open4-1.3.3.gemspec
I, [2014-03-08T10:32:50.755388 #70946]  INFO -- : 0:  bovem (3.0.5) from /Volumes/DATI/Users/Shogun/.rvm/gems/ruby-2.1.0/specifications/bovem-3.0.5.gemspec
I, [2014-03-08T10:32:50.755807 #70946]  INFO -- : 0:  coderay (1.1.0) from /Volumes/DATI/Users/Shogun/.rvm/gems/ruby-2.1.0/specifications/coderay-1.1.0.gemspec
I, [2014-03-08T10:32:50.756086 #70946]  INFO -- : 0:  mime-types (2.1) from /Volumes/DATI/Users/Shogun/.rvm/gems/ruby-2.1.0/specifications/mime-types-2.1.gemspec
I, [2014-03-08T10:32:50.756366 #70946]  INFO -- : 0:  rest-client (1.6.7) from /Volumes/DATI/Users/Shogun/.rvm/gems/ruby-2.1.0/specifications/rest-client-1.6.7.gemspec
I, [2014-03-08T10:32:50.756653 #70946]  INFO -- : 0:  docile (1.1.3) from /Volumes/DATI/Users/Shogun/.rvm/gems/ruby-2.1.0/specifications/docile-1.1.3.gemspec
I, [2014-03-08T10:32:50.756939 #70946]  INFO -- : 0:  simplecov-html (0.8.0) from /Volumes/DATI/Users/Shogun/.rvm/gems/ruby-2.1.0/specifications/simplecov-html-0.8.0.gemspec
I, [2014-03-08T10:32:50.757221 #70946]  INFO -- : 0:  simplecov (0.8.2) from /Volumes/DATI/Users/Shogun/.rvm/gems/ruby-2.1.0/specifications/simplecov-0.8.2.gemspec
I, [2014-03-08T10:32:50.757495 #70946]  INFO -- : 0:  tins (1.0.0) from /Volumes/DATI/Users/Shogun/.rvm/gems/ruby-2.1.0/specifications/tins-1.0.0.gemspec
I, [2014-03-08T10:32:50.757770 #70946]  INFO -- : 0:  term-ansicolor (1.3.0) from /Volumes/DATI/Users/Shogun/.rvm/gems/ruby-2.1.0/specifications/term-ansicolor-1.3.0.gemspec
I, [2014-03-08T10:32:50.758041 #70946]  INFO -- : 0:  thor (0.18.1) from /Volumes/DATI/Users/Shogun/.rvm/gems/ruby-2.1.0/specifications/thor-0.18.1.gemspec
I, [2014-03-08T10:32:50.758308 #70946]  INFO -- : 0:  coveralls (0.7.0) from /Volumes/DATI/Users/Shogun/.rvm/gems/ruby-2.1.0/specifications/coveralls-0.7.0.gemspec
I, [2014-03-08T10:32:50.758574 #70946]  INFO -- : 0:  mustache (0.99.5) from /Volumes/DATI/Users/Shogun/.rvm/gems/ruby-2.1.0/specifications/mustache-0.99.5.gemspec
I, [2014-03-08T10:32:50.758864 #70946]  INFO -- : 0:  plist (3.1.0) from /Volumes/DATI/Users/Shogun/.rvm/gems/ruby-2.1.0/specifications/plist-3.1.0.gemspec
I, [2014-03-08T10:32:50.759130 #70946]  INFO -- : 0:  eventmachine (1.0.3) from /Volumes/DATI/Users/Shogun/.rvm/gems/ruby-2.1.0/specifications/eventmachine-1.0.3.gemspec
I, [2014-03-08T10:32:50.759406 #70946]  INFO -- : 0:  rainbow (2.0.0) from /Volumes/DATI/Users/Shogun/.rvm/gems/ruby-2.1.0/specifications/rainbow-2.0.0.gemspec
I, [2014-03-08T10:32:51.092255 #70946]  INFO -- : 0:  rexec (1.6.3) from /Volumes/DATI/Users/Shogun/.rvm/gems/ruby-2.1.0/specifications/rexec-1.6.3.gemspec
I, [2014-03-08T10:32:52.184336 #70946]  INFO -- : 0:  rubydns (0.7.0) from /Volumes/DATI/Users/Shogun/.rvm/gems/ruby-2.1.0/specifications/rubydns-0.7.0.gemspec
I, [2014-03-08T10:32:52.290713 #70946]  INFO -- : 0:  devdnsd (3.0.5) from /Volumes/DATI/Users/Shogun/Programmazione/Ruby/devdnsd/devdnsd.gemspec
I, [2014-03-08T10:32:52.291208 #70946]  INFO -- : 0:  diff-lcs (1.2.5) from /Volumes/DATI/Users/Shogun/.rvm/gems/ruby-2.1.0/specifications/diff-lcs-1.2.5.gemspec
I, [2014-03-08T10:32:52.291496 #70946]  INFO -- : 0:  github-markup (1.0.3) from /Volumes/DATI/Users/Shogun/.rvm/gems/ruby-2.1.0/specifications/github-markup-1.0.3.gemspec
I, [2014-03-08T10:32:52.291927 #70946]  INFO -- : 0:  kramdown (1.3.2) from /Volumes/DATI/Users/Shogun/.rvm/gems/ruby-2.1.0/specifications/kramdown-1.3.2.gemspec
I, [2014-03-08T10:32:52.292265 #70946]  INFO -- : 0:  method_source (0.8.2) from /Volumes/DATI/Users/Shogun/.rvm/gems/ruby-2.1.0/specifications/method_source-0.8.2.gemspec
I, [2014-03-08T10:32:52.292636 #70946]  INFO -- : 0:  slop (3.4.7) from /Volumes/DATI/Users/Shogun/.rvm/gems/ruby-2.1.0/specifications/slop-3.4.7.gemspec
I, [2014-03-08T10:32:52.293009 #70946]  INFO -- : 0:  pry (0.9.12.6) from /Volumes/DATI/Users/Shogun/.rvm/gems/ruby-2.1.0/specifications/pry-0.9.12.6.gemspec
I, [2014-03-08T10:32:52.293351 #70946]  INFO -- : 0:  rspec-core (2.14.8) from /Volumes/DATI/Users/Shogun/.rvm/gems/ruby-2.1.0/specifications/rspec-core-2.14.8.gemspec
I, [2014-03-08T10:32:52.293693 #70946]  INFO -- : 0:  rspec-expectations (2.14.5) from /Volumes/DATI/Users/Shogun/.rvm/gems/ruby-2.1.0/specifications/rspec-expectations-2.14.5.gemspec
I, [2014-03-08T10:32:52.294090 #70946]  INFO -- : 0:  rspec-mocks (2.14.6) from /Volumes/DATI/Users/Shogun/.rvm/gems/ruby-2.1.0/specifications/rspec-mocks-2.14.6.gemspec
I, [2014-03-08T10:32:52.294448 #70946]  INFO -- : 0:  rspec (2.14.1) from /Volumes/DATI/Users/Shogun/.rvm/gems/ruby-2.1.0/specifications/rspec-2.14.1.gemspec
I, [2014-03-08T10:32:52.294799 #70946]  INFO -- : 0:  yard (0.8.7.3) from /Volumes/DATI/Users/Shogun/.rvm/gems/ruby-2.1.0/specifications/yard-0.8.7.3.gemspec
I, [2014-03-08T10:32:52.295126 #70946]  INFO -- : 0:  bundler (1.5.1) from /Volumes/DATI/Users/Shogun/.rvm/gems/ruby-2.1.0@global/specifications/bundler-1.5.1.gemspec
